2023-10-23 10:27:25,259 | osnma.osnma_core.receiver_state     | INFO     | 
Start status COLD_START

2023-10-23 10:27:25,275 | osnma.cryptographic.dsm_pkr         | WARNING  | Cannot compute Padding length: Missing attribute NB_DP
2023-10-23 10:27:25,276 | osnma.osnma_core.receiver_state     | INFO     | Public Key 1 read. Start status WARM_START

2023-10-23 10:27:25,282 | osnma.receiver.receiver             | INFO     | --- SUBFRAME --- WN 1240 TOW 216600 SVID 24 ---
2023-10-23 10:27:25,283 | osnma.receiver.receiver             | WARNING  | Broken HKROOT Subframe. Regenerating HKROOT and processing MACK if active.
2023-10-23 10:27:25,284 | osnma.receiver.receiver             | INFO     | --- SUBFRAME --- WN 1240 TOW 216600 SVID 12 ---
2023-10-23 10:27:25,284 | osnma.receiver.receiver             | INFO     | No OSNMA data.
2023-10-23 10:27:25,285 | osnma.receiver.receiver             | INFO     | --- SUBFRAME --- WN 1240 TOW 216600 SVID 31 ---
2023-10-23 10:27:25,286 | osnma.receiver.receiver             | INFO     | No OSNMA data.
2023-10-23 10:27:25,301 | osnma.receiver.receiver             | INFO     | --- SUBFRAME --- WN 1240 TOW 216630 SVID 24 ---
2023-10-23 10:27:25,303 | osnma.receiver.receiver             | WARNING  | Broken HKROOT Subframe. Regenerating HKROOT and processing MACK if active.
2023-10-23 10:27:25,304 | osnma.receiver.receiver             | INFO     | --- SUBFRAME --- WN 1240 TOW 216630 SVID 12 ---
2023-10-23 10:27:25,305 | osnma.receiver.receiver             | INFO     | No OSNMA data.
2023-10-23 10:27:25,306 | osnma.receiver.receiver             | INFO     | --- SUBFRAME --- WN 1240 TOW 216630 SVID 31 ---
2023-10-23 10:27:25,306 | osnma.receiver.receiver             | INFO     | No OSNMA data.
2023-10-23 10:27:25,307 | osnma.receiver.receiver             | INFO     | --- SUBFRAME --- WN 1240 TOW 216630 SVID 25 ---
2023-10-23 10:27:25,308 | osnma.receiver.receiver             | WARNING  | Broken HKROOT Subframe. Regenerating HKROOT and processing MACK if active.
2023-10-23 10:27:25,331 | osnma.receiver.receiver             | INFO     | --- SUBFRAME --- WN 1240 TOW 216660 SVID 24 ---
2023-10-23 10:27:25,332 | osnma.receiver.receiver             | WARNING  | Broken HKROOT Subframe. Regenerating HKROOT and processing MACK if active.
2023-10-23 10:27:25,334 | osnma.receiver.receiver             | INFO     | --- SUBFRAME --- WN 1240 TOW 216660 SVID 12 ---
2023-10-23 10:27:25,334 | osnma.receiver.receiver             | INFO     | No OSNMA data.
2023-10-23 10:27:25,335 | osnma.receiver.receiver             | INFO     | --- SUBFRAME --- WN 1240 TOW 216660 SVID 31 ---
2023-10-23 10:27:25,336 | osnma.receiver.receiver             | INFO     | No OSNMA data.
2023-10-23 10:27:25,337 | osnma.receiver.receiver             | INFO     | --- SUBFRAME --- WN 1240 TOW 216660 SVID 25 ---
2023-10-23 10:27:25,338 | osnma.receiver.receiver             | WARNING  | Broken HKROOT Subframe. Regenerating HKROOT and processing MACK if active.
2023-10-23 10:27:25,357 | osnma.receiver.receiver             | INFO     | --- SUBFRAME --- WN 1240 TOW 216690 SVID 24 ---
2023-10-23 10:27:25,357 | osnma.receiver.receiver             | WARNING  | Broken HKROOT Subframe. Regenerating HKROOT and processing MACK if active.
2023-10-23 10:27:25,360 | osnma.receiver.receiver             | INFO     | --- SUBFRAME --- WN 1240 TOW 216690 SVID 12 ---
2023-10-23 10:27:25,361 | osnma.receiver.receiver             | INFO     | No OSNMA data.
2023-10-23 10:27:25,363 | osnma.receiver.receiver             | INFO     | --- SUBFRAME --- WN 1240 TOW 216690 SVID 31 ---
2023-10-23 10:27:25,364 | osnma.receiver.receiver             | INFO     | No OSNMA data.
2023-10-23 10:27:25,378 | osnma.receiver.receiver             | INFO     | --- SUBFRAME --- WN 1240 TOW 216720 SVID 24 ---
2023-10-23 10:27:25,380 | osnma.receiver.receiver             | WARNING  | Broken HKROOT Subframe. Regenerating HKROOT and processing MACK if active.
2023-10-23 10:27:25,382 | osnma.receiver.receiver             | INFO     | --- SUBFRAME --- WN 1240 TOW 216720 SVID 12 ---
2023-10-23 10:27:25,382 | osnma.receiver.receiver             | INFO     | No OSNMA data.
2023-10-23 10:27:25,383 | osnma.receiver.receiver             | INFO     | --- SUBFRAME --- WN 1240 TOW 216720 SVID 31 ---
2023-10-23 10:27:25,384 | osnma.receiver.receiver             | INFO     | No OSNMA data.
2023-10-23 10:27:25,401 | osnma.receiver.receiver             | INFO     | --- SUBFRAME --- WN 1240 TOW 216750 SVID 24 ---
2023-10-23 10:27:25,401 | osnma.receiver.receiver             | WARNING  | Broken HKROOT Subframe. Regenerating HKROOT and processing MACK if active.
2023-10-23 10:27:25,401 | osnma.receiver.receiver             | INFO     | --- SUBFRAME --- WN 1240 TOW 216750 SVID 12 ---
2023-10-23 10:27:25,401 | osnma.receiver.receiver             | INFO     | No OSNMA data.
2023-10-23 10:27:25,405 | osnma.receiver.receiver             | INFO     | --- SUBFRAME --- WN 1240 TOW 216750 SVID 31 ---
2023-10-23 10:27:25,405 | osnma.receiver.receiver             | INFO     | No OSNMA data.
2023-10-23 10:27:25,405 | osnma.receiver.receiver             | INFO     | --- SUBFRAME --- WN 1240 TOW 216750 SVID 25 ---
2023-10-23 10:27:25,406 | osnma.receiver.receiver             | WARNING  | Broken HKROOT Subframe. Regenerating HKROOT and processing MACK if active.
2023-10-23 10:27:25,429 | osnma.receiver.receiver             | INFO     | --- SUBFRAME --- WN 1240 TOW 216780 SVID 24 ---
2023-10-23 10:27:25,431 | osnma.receiver.receiver             | WARNING  | Broken HKROOT Subframe. Regenerating HKROOT and processing MACK if active.
2023-10-23 10:27:25,432 | osnma.receiver.receiver             | INFO     | --- SUBFRAME --- WN 1240 TOW 216780 SVID 12 ---
2023-10-23 10:27:25,433 | osnma.receiver.receiver             | INFO     | No OSNMA data.
2023-10-23 10:27:25,433 | osnma.receiver.receiver             | INFO     | --- SUBFRAME --- WN 1240 TOW 216780 SVID 31 ---
2023-10-23 10:27:25,434 | osnma.receiver.receiver             | INFO     | No OSNMA data.
2023-10-23 10:27:25,446 | osnma.receiver.receiver             | INFO     | --- SUBFRAME --- WN 1240 TOW 216810 SVID 24 ---
2023-10-23 10:27:25,448 | osnma.receiver.receiver             | WARNING  | Broken HKROOT Subframe. Regenerating HKROOT and processing MACK if active.
2023-10-23 10:27:25,449 | osnma.receiver.receiver             | INFO     | --- SUBFRAME --- WN 1240 TOW 216810 SVID 12 ---
2023-10-23 10:27:25,450 | osnma.receiver.receiver             | INFO     | No OSNMA data.
2023-10-23 10:27:25,465 | osnma.receiver.receiver             | INFO     | --- SUBFRAME --- WN 1240 TOW 216840 SVID 24 ---
2023-10-23 10:27:25,467 | osnma.receiver.receiver             | WARNING  | Broken HKROOT Subframe. Regenerating HKROOT and processing MACK if active.
2023-10-23 10:27:25,468 | osnma.receiver.receiver             | INFO     | --- SUBFRAME --- WN 1240 TOW 216840 SVID 12 ---
2023-10-23 10:27:25,469 | osnma.receiver.receiver             | INFO     | No OSNMA data.
2023-10-23 10:27:25,486 | osnma.receiver.receiver             | INFO     | --- SUBFRAME --- WN 1240 TOW 216870 SVID 24 ---
2023-10-23 10:27:25,487 | osnma.receiver.receiver             | WARNING  | Broken HKROOT Subframe. Regenerating HKROOT and processing MACK if active.
2023-10-23 10:27:25,488 | osnma.receiver.receiver             | INFO     | --- SUBFRAME --- WN 1240 TOW 216870 SVID 12 ---
2023-10-23 10:27:25,489 | osnma.receiver.receiver             | INFO     | No OSNMA data.
2023-10-23 10:27:25,503 | osnma.receiver.receiver             | INFO     | --- SUBFRAME --- WN 1240 TOW 216900 SVID 24 ---
2023-10-23 10:27:25,504 | osnma.receiver.receiver             | WARNING  | Broken HKROOT Subframe. Regenerating HKROOT and processing MACK if active.
2023-10-23 10:27:25,505 | osnma.receiver.receiver             | INFO     | --- SUBFRAME --- WN 1240 TOW 216900 SVID 12 ---
2023-10-23 10:27:25,506 | osnma.receiver.receiver             | INFO     | No OSNMA data.
2023-10-23 10:27:25,516 | osnma.receiver.receiver             | INFO     | --- SUBFRAME --- WN 1240 TOW 216930 SVID 24 ---
2023-10-23 10:27:25,517 | osnma.receiver.receiver             | WARNING  | Broken HKROOT Subframe. Regenerating HKROOT and processing MACK if active.
2023-10-23 10:27:25,518 | osnma.receiver.receiver             | INFO     | --- SUBFRAME --- WN 1240 TOW 216930 SVID 12 ---
2023-10-23 10:27:25,519 | osnma.receiver.receiver             | INFO     | No OSNMA data.
2023-10-23 10:27:25,519 | osnma.receiver.receiver             | INFO     | --- SUBFRAME --- WN 1240 TOW 216930 SVID 31 ---
2023-10-23 10:27:25,520 | osnma.receiver.receiver             | WARNING  | Broken HKROOT Subframe. Regenerating HKROOT and processing MACK if active.
2023-10-23 10:27:25,531 | osnma.receiver.receiver             | INFO     | --- SUBFRAME --- WN 1240 TOW 216960 SVID 24 ---
2023-10-23 10:27:25,532 | osnma.receiver.receiver             | WARNING  | Broken HKROOT Subframe. Regenerating HKROOT and processing MACK if active.
2023-10-23 10:27:25,534 | osnma.receiver.receiver             | INFO     | --- SUBFRAME --- WN 1240 TOW 216960 SVID 31 ---
2023-10-23 10:27:25,535 | osnma.receiver.receiver             | INFO     | No OSNMA data.
2023-10-23 10:27:25,535 | osnma.receiver.receiver             | INFO     | --- SUBFRAME --- WN 1240 TOW 216960 SVID 12 ---
2023-10-23 10:27:25,536 | osnma.receiver.receiver             | INFO     | No OSNMA data.
2023-10-23 10:27:25,547 | osnma.receiver.receiver             | INFO     | --- SUBFRAME --- WN 1240 TOW 216990 SVID 24 ---
2023-10-23 10:27:25,548 | osnma.receiver.receiver             | WARNING  | Broken HKROOT Subframe. Regenerating HKROOT and processing MACK if active.
2023-10-23 10:27:25,549 | osnma.receiver.receiver             | INFO     | --- SUBFRAME --- WN 1240 TOW 216990 SVID 31 ---
2023-10-23 10:27:25,550 | osnma.receiver.receiver             | INFO     | No OSNMA data.
2023-10-23 10:27:25,551 | osnma.receiver.receiver             | INFO     | --- SUBFRAME --- WN 1240 TOW 216990 SVID 12 ---
2023-10-23 10:27:25,551 | osnma.receiver.receiver             | INFO     | No OSNMA data.
2023-10-23 10:27:25,561 | osnma.receiver.receiver             | INFO     | --- SUBFRAME --- WN 1240 TOW 217020 SVID 24 ---
2023-10-23 10:27:25,563 | osnma.receiver.receiver             | WARNING  | Broken HKROOT Subframe. Regenerating HKROOT and processing MACK if active.
2023-10-23 10:27:25,566 | osnma.receiver.receiver             | INFO     | --- SUBFRAME --- WN 1240 TOW 217020 SVID 31 ---
2023-10-23 10:27:25,566 | osnma.receiver.receiver             | INFO     | No OSNMA data.
2023-10-23 10:27:25,579 | osnma.receiver.receiver             | INFO     | --- SUBFRAME --- WN 1240 TOW 217050 SVID 24 ---
2023-10-23 10:27:25,580 | osnma.receiver.receiver             | WARNING  | Broken HKROOT Subframe. Regenerating HKROOT and processing MACK if active.
2023-10-23 10:27:25,582 | osnma.receiver.receiver             | INFO     | --- SUBFRAME --- WN 1240 TOW 217050 SVID 31 ---
2023-10-23 10:27:25,582 | osnma.receiver.receiver             | INFO     | No OSNMA data.
2023-10-23 10:27:25,595 | osnma.receiver.receiver             | INFO     | --- SUBFRAME --- WN 1240 TOW 217080 SVID 24 ---
2023-10-23 10:27:25,597 | osnma.receiver.receiver             | WARNING  | Broken HKROOT Subframe. Regenerating HKROOT and processing MACK if active.
2023-10-23 10:27:25,598 | osnma.receiver.receiver             | INFO     | --- SUBFRAME --- WN 1240 TOW 217080 SVID 31 ---
2023-10-23 10:27:25,599 | osnma.receiver.receiver             | INFO     | No OSNMA data.
2023-10-23 10:27:25,619 | osnma.receiver.receiver             | INFO     | --- SUBFRAME --- WN 1240 TOW 217110 SVID 24 ---
2023-10-23 10:27:25,619 | osnma.receiver.receiver             | WARNING  | Broken HKROOT Subframe. Regenerating HKROOT and processing MACK if active.
2023-10-23 10:27:25,621 | osnma.receiver.receiver             | INFO     | --- SUBFRAME --- WN 1240 TOW 217110 SVID 31 ---
2023-10-23 10:27:25,621 | osnma.receiver.receiver             | INFO     | No OSNMA data.
2023-10-23 10:27:25,637 | osnma.receiver.receiver             | INFO     | --- SUBFRAME --- WN 1240 TOW 217140 SVID 24 ---
2023-10-23 10:27:25,637 | osnma.receiver.receiver             | WARNING  | Broken HKROOT Subframe. Regenerating HKROOT and processing MACK if active.
2023-10-23 10:27:25,639 | osnma.receiver.receiver             | INFO     | --- SUBFRAME --- WN 1240 TOW 217140 SVID 31 ---
2023-10-23 10:27:25,639 | osnma.receiver.receiver             | INFO     | No OSNMA data.
2023-10-23 10:27:25,652 | osnma.receiver.receiver             | INFO     | --- SUBFRAME --- WN 1240 TOW 217170 SVID 24 ---
2023-10-23 10:27:25,653 | osnma.receiver.receiver             | WARNING  | Broken HKROOT Subframe. Regenerating HKROOT and processing MACK if active.
2023-10-23 10:27:25,673 | osnma.receiver.receiver             | INFO     | --- SUBFRAME --- WN 1240 TOW 217200 SVID 24 ---
2023-10-23 10:27:25,679 | osnma.receiver.receiver             | WARNING  | Broken HKROOT Subframe. Regenerating HKROOT and processing MACK if active.
2023-10-23 10:27:25,683 | osnma.receiver.receiver             | INFO     | --- SUBFRAME --- WN 1240 TOW 217200 SVID 12 ---
2023-10-23 10:27:25,684 | osnma.receiver.receiver             | WARNING  | Broken HKROOT Subframe. Regenerating HKROOT and processing MACK if active.
2023-10-23 10:27:25,685 | osnma.receiver.receiver             | INFO     | --- SUBFRAME --- WN 1240 TOW 217200 SVID 25 ---
2023-10-23 10:27:25,685 | osnma.receiver.receiver             | WARNING  | Broken HKROOT Subframe. Regenerating HKROOT and processing MACK if active.
2023-10-23 10:27:25,704 | osnma.receiver.receiver             | INFO     | --- SUBFRAME --- WN 1240 TOW 217230 SVID 24 ---
2023-10-23 10:27:25,705 | osnma.receiver.receiver             | WARNING  | Broken HKROOT Subframe. Regenerating HKROOT and processing MACK if active.
2023-10-23 10:27:25,722 | osnma.receiver.receiver             | INFO     | --- SUBFRAME --- WN 1240 TOW 217260 SVID 24 ---
2023-10-23 10:27:25,722 | osnma.receiver.receiver             | WARNING  | Broken HKROOT Subframe. Regenerating HKROOT and processing MACK if active.
2023-10-23 10:27:25,724 | osnma.receiver.receiver             | INFO     | --- SUBFRAME --- WN 1240 TOW 217260 SVID 31 ---
2023-10-23 10:27:25,724 | osnma.receiver.receiver             | INFO     | No OSNMA data.
2023-10-23 10:27:25,744 | osnma.receiver.receiver             | INFO     | --- SUBFRAME --- WN 1240 TOW 217290 SVID 24 ---
2023-10-23 10:27:25,746 | osnma.receiver.receiver             | WARNING  | Broken HKROOT Subframe. Regenerating HKROOT and processing MACK if active.
2023-10-23 10:27:25,749 | osnma.receiver.receiver             | INFO     | --- SUBFRAME --- WN 1240 TOW 217290 SVID 31 ---
2023-10-23 10:27:25,749 | osnma.receiver.receiver             | INFO     | No OSNMA data.
2023-10-23 10:27:25,765 | osnma.receiver.receiver             | INFO     | --- SUBFRAME --- WN 1240 TOW 217320 SVID 24 ---
2023-10-23 10:27:25,765 | osnma.receiver.receiver             | WARNING  | Broken HKROOT Subframe. Regenerating HKROOT and processing MACK if active.
2023-10-23 10:27:25,767 | osnma.receiver.receiver             | INFO     | --- SUBFRAME --- WN 1240 TOW 217320 SVID 31 ---
2023-10-23 10:27:25,767 | osnma.receiver.receiver             | INFO     | No OSNMA data.
2023-10-23 10:27:25,768 | osnma.receiver.receiver             | INFO     | --- SUBFRAME --- WN 1240 TOW 217320 SVID 12 ---
2023-10-23 10:27:25,769 | osnma.receiver.receiver             | WARNING  | Broken HKROOT Subframe. Regenerating HKROOT and processing MACK if active.
2023-10-23 10:27:25,770 | osnma.receiver.receiver             | INFO     | --- SUBFRAME --- WN 1240 TOW 217320 SVID 25 ---
2023-10-23 10:27:25,770 | osnma.receiver.receiver             | WARNING  | Broken HKROOT Subframe. Regenerating HKROOT and processing MACK if active.
2023-10-23 10:27:25,786 | osnma.receiver.receiver             | INFO     | --- SUBFRAME --- WN 1240 TOW 217350 SVID 24 ---
2023-10-23 10:27:25,787 | osnma.receiver.receiver             | WARNING  | Broken HKROOT Subframe. Regenerating HKROOT and processing MACK if active.
2023-10-23 10:27:25,788 | osnma.receiver.receiver             | INFO     | --- SUBFRAME --- WN 1240 TOW 217350 SVID 31 ---
2023-10-23 10:27:25,788 | osnma.receiver.receiver             | INFO     | No OSNMA data.
2023-10-23 10:27:25,789 | osnma.receiver.receiver             | INFO     | --- SUBFRAME --- WN 1240 TOW 217350 SVID 25 ---
2023-10-23 10:27:25,790 | osnma.receiver.receiver             | WARNING  | Broken HKROOT Subframe. Regenerating HKROOT and processing MACK if active.
2023-10-23 10:27:25,802 | osnma.receiver.receiver             | INFO     | --- SUBFRAME --- WN 1240 TOW 217380 SVID 24 ---
2023-10-23 10:27:25,803 | osnma.receiver.receiver             | WARNING  | Broken HKROOT Subframe. Regenerating HKROOT and processing MACK if active.
2023-10-23 10:27:25,804 | osnma.receiver.receiver             | INFO     | --- SUBFRAME --- WN 1240 TOW 217380 SVID 31 ---
2023-10-23 10:27:25,804 | osnma.receiver.receiver             | INFO     | No OSNMA data.
2023-10-23 10:27:25,805 | osnma.receiver.receiver             | INFO     | --- SUBFRAME --- WN 1240 TOW 217380 SVID 25 ---
2023-10-23 10:27:25,806 | osnma.receiver.receiver             | WARNING  | Broken HKROOT Subframe. Regenerating HKROOT and processing MACK if active.
2023-10-23 10:27:25,822 | osnma.receiver.receiver             | INFO     | --- SUBFRAME --- WN 1240 TOW 217410 SVID 24 ---
2023-10-23 10:27:25,822 | osnma.receiver.receiver             | WARNING  | Broken HKROOT Subframe. Regenerating HKROOT and processing MACK if active.
2023-10-23 10:27:25,823 | osnma.receiver.receiver             | INFO     | --- SUBFRAME --- WN 1240 TOW 217410 SVID 31 ---
2023-10-23 10:27:25,824 | osnma.receiver.receiver             | INFO     | No OSNMA data.
2023-10-23 10:27:25,839 | osnma.receiver.receiver             | INFO     | --- SUBFRAME --- WN 1240 TOW 217590 SVID 24 ---
2023-10-23 10:27:25,840 | osnma.receiver.receiver             | WARNING  | Broken HKROOT Subframe. Regenerating HKROOT and processing MACK if active.
2023-10-23 10:27:25,841 | osnma.receiver.receiver             | INFO     | --- SUBFRAME --- WN 1240 TOW 217590 SVID 31 ---
2023-10-23 10:27:25,841 | osnma.receiver.receiver             | INFO     | No OSNMA data.
2023-10-23 10:27:25,843 | osnma.receiver.receiver             | INFO     | --- SUBFRAME --- WN 1240 TOW 217590 SVID 25 ---
2023-10-23 10:27:25,845 | osnma.receiver.receiver             | WARNING  | Broken HKROOT Subframe. Regenerating HKROOT and processing MACK if active.
2023-10-23 10:27:25,848 | osnma.receiver.receiver             | INFO     | --- SUBFRAME --- WN 1240 TOW 217590 SVID 12 ---
2023-10-23 10:27:25,848 | osnma.receiver.receiver             | WARNING  | Broken HKROOT Subframe. Regenerating HKROOT and processing MACK if active.
2023-10-23 10:27:25,865 | osnma.receiver.receiver             | INFO     | --- SUBFRAME --- WN 1240 TOW 217620 SVID 24 ---
2023-10-23 10:27:25,866 | osnma.receiver.receiver             | WARNING  | Broken HKROOT Subframe. Regenerating HKROOT and processing MACK if active.
2023-10-23 10:27:25,868 | osnma.receiver.receiver             | INFO     | --- SUBFRAME --- WN 1240 TOW 217620 SVID 31 ---
2023-10-23 10:27:25,868 | osnma.receiver.receiver             | INFO     | No OSNMA data.
2023-10-23 10:27:25,885 | osnma.receiver.receiver             | INFO     | --- SUBFRAME --- WN 1240 TOW 217650 SVID 24 ---
2023-10-23 10:27:25,886 | osnma.receiver.receiver             | WARNING  | Broken HKROOT Subframe. Regenerating HKROOT and processing MACK if active.
2023-10-23 10:27:25,887 | osnma.receiver.receiver             | INFO     | --- SUBFRAME --- WN 1240 TOW 217650 SVID 31 ---
2023-10-23 10:27:25,887 | osnma.receiver.receiver             | INFO     | No OSNMA data.
2023-10-23 10:27:25,902 | osnma.receiver.receiver             | INFO     | --- SUBFRAME --- WN 1240 TOW 217680 SVID 24 ---
2023-10-23 10:27:25,903 | osnma.receiver.receiver             | WARNING  | Broken HKROOT Subframe. Regenerating HKROOT and processing MACK if active.
2023-10-23 10:27:25,904 | osnma.receiver.receiver             | INFO     | --- SUBFRAME --- WN 1240 TOW 217680 SVID 31 ---
2023-10-23 10:27:25,905 | osnma.receiver.receiver             | INFO     | No OSNMA data.
2023-10-23 10:27:25,923 | osnma.receiver.receiver             | INFO     | --- SUBFRAME --- WN 1240 TOW 217710 SVID 24 ---
2023-10-23 10:27:25,924 | osnma.receiver.receiver             | WARNING  | Broken HKROOT Subframe. Regenerating HKROOT and processing MACK if active.
2023-10-23 10:27:25,925 | osnma.receiver.receiver             | INFO     | --- SUBFRAME --- WN 1240 TOW 217710 SVID 31 ---
2023-10-23 10:27:25,926 | osnma.receiver.receiver             | INFO     | No OSNMA data.
2023-10-23 10:27:25,942 | osnma.receiver.receiver             | INFO     | --- SUBFRAME --- WN 1240 TOW 217740 SVID 24 ---
2023-10-23 10:27:25,944 | osnma.receiver.receiver             | WARNING  | Broken HKROOT Subframe. Regenerating HKROOT and processing MACK if active.
2023-10-23 10:27:25,946 | osnma.receiver.receiver             | INFO     | --- SUBFRAME --- WN 1240 TOW 217740 SVID 31 ---
2023-10-23 10:27:25,949 | osnma.receiver.receiver             | INFO     | No OSNMA data.
2023-10-23 10:27:25,952 | osnma.receiver.receiver             | INFO     | --- SUBFRAME --- WN 1240 TOW 217770 SVID 24 ---
2023-10-23 10:27:25,952 | osnma.receiver.receiver             | WARNING  | Broken HKROOT Subframe. Regenerating HKROOT and processing MACK if active.
2023-10-23 10:27:25,962 | osnma.receiver.receiver             | INFO     | --- SUBFRAME --- WN 1240 TOW 217770 SVID 31 ---
2023-10-23 10:27:25,964 | osnma.receiver.receiver             | INFO     | No OSNMA data.
2023-10-23 10:27:25,975 | osnma.receiver.receiver             | INFO     | --- SUBFRAME --- WN 1240 TOW 217800 SVID 24 ---
2023-10-23 10:27:25,975 | osnma.receiver.receiver             | WARNING  | Broken HKROOT Subframe. Regenerating HKROOT and processing MACK if active.
2023-10-23 10:27:25,978 | osnma.receiver.receiver             | INFO     | --- SUBFRAME --- WN 1240 TOW 217800 SVID 31 ---
2023-10-23 10:27:25,979 | osnma.receiver.receiver             | INFO     | No OSNMA data.
2023-10-23 10:27:25,981 | osnma.receiver.receiver             | INFO     | --- SUBFRAME --- WN 1240 TOW 217800 SVID 25 ---
2023-10-23 10:27:25,982 | osnma.receiver.receiver             | WARNING  | Broken HKROOT Subframe. Regenerating HKROOT and processing MACK if active.
2023-10-23 10:27:25,999 | osnma.receiver.receiver             | INFO     | --- SUBFRAME --- WN 1240 TOW 217830 SVID 24 ---
2023-10-23 10:27:26,000 | osnma.receiver.receiver             | WARNING  | Broken HKROOT Subframe. Regenerating HKROOT and processing MACK if active.
2023-10-23 10:27:26,002 | osnma.receiver.receiver             | INFO     | --- SUBFRAME --- WN 1240 TOW 217830 SVID 31 ---
2023-10-23 10:27:26,003 | osnma.receiver.receiver             | INFO     | No OSNMA data.
2023-10-23 10:27:26,015 | osnma.receiver.receiver             | INFO     | --- SUBFRAME --- WN 1240 TOW 217860 SVID 24 ---
2023-10-23 10:27:26,016 | osnma.receiver.receiver             | WARNING  | Broken HKROOT Subframe. Regenerating HKROOT and processing MACK if active.
2023-10-23 10:27:26,018 | osnma.receiver.receiver             | INFO     | --- SUBFRAME --- WN 1240 TOW 217860 SVID 31 ---
2023-10-23 10:27:26,018 | osnma.receiver.receiver             | INFO     | No OSNMA data.
2023-10-23 10:27:26,024 | osnma.receiver.receiver             | INFO     | --- SUBFRAME --- WN 1240 TOW 217890 SVID 24 ---
2023-10-23 10:27:26,031 | osnma.receiver.receiver             | WARNING  | Broken HKROOT Subframe. Regenerating HKROOT and processing MACK if active.
2023-10-23 10:27:26,033 | osnma.receiver.receiver             | INFO     | --- SUBFRAME --- WN 1240 TOW 217890 SVID 31 ---
2023-10-23 10:27:26,033 | osnma.receiver.receiver             | INFO     | No OSNMA data.
2023-10-23 10:27:26,040 | osnma.receiver.receiver             | INFO     | --- SUBFRAME --- WN 1240 TOW 217920 SVID 24 ---
2023-10-23 10:27:26,040 | osnma.receiver.receiver             | WARNING  | Broken HKROOT Subframe. Regenerating HKROOT and processing MACK if active.
2023-10-23 10:27:26,046 | osnma.receiver.receiver             | INFO     | --- SUBFRAME --- WN 1240 TOW 217920 SVID 31 ---
2023-10-23 10:27:26,047 | osnma.receiver.receiver             | INFO     | No OSNMA data.
2023-10-23 10:27:26,052 | osnma.receiver.receiver             | INFO     | --- SUBFRAME --- WN 1240 TOW 217950 SVID 24 ---
2023-10-23 10:27:26,052 | osnma.receiver.receiver             | WARNING  | Broken HKROOT Subframe. Regenerating HKROOT and processing MACK if active.
2023-10-23 10:27:26,058 | osnma.receiver.receiver             | INFO     | --- SUBFRAME --- WN 1240 TOW 217950 SVID 31 ---
2023-10-23 10:27:26,059 | osnma.receiver.receiver             | INFO     | No OSNMA data.
2023-10-23 10:27:26,060 | osnma.receiver.receiver             | INFO     | --- SUBFRAME --- WN 1240 TOW 217950 SVID 12 ---
2023-10-23 10:27:26,060 | osnma.receiver.receiver             | WARNING  | Broken HKROOT Subframe. Regenerating HKROOT and processing MACK if active.
2023-10-23 10:27:26,073 | osnma.receiver.receiver             | INFO     | --- SUBFRAME --- WN 1240 TOW 217980 SVID 31 ---
2023-10-23 10:27:26,074 | osnma.receiver.receiver             | INFO     | No OSNMA data.
2023-10-23 10:27:26,075 | osnma.receiver.receiver             | INFO     | --- SUBFRAME --- WN 1240 TOW 217980 SVID 24 ---
2023-10-23 10:27:26,075 | osnma.receiver.receiver             | WARNING  | Broken HKROOT Subframe. Regenerating HKROOT and processing MACK if active.
2023-10-23 10:27:26,090 | osnma.receiver.receiver             | INFO     | --- SUBFRAME --- WN 1240 TOW 218010 SVID 31 ---
2023-10-23 10:27:26,091 | osnma.receiver.receiver             | INFO     | No OSNMA data.
2023-10-23 10:27:26,093 | osnma.receiver.receiver             | INFO     | --- SUBFRAME --- WN 1240 TOW 218010 SVID 24 ---
2023-10-23 10:27:26,094 | osnma.receiver.receiver             | WARNING  | Broken HKROOT Subframe. Regenerating HKROOT and processing MACK if active.
2023-10-23 10:27:26,117 | osnma.receiver.receiver             | INFO     | --- SUBFRAME --- WN 1240 TOW 218040 SVID 31 ---
2023-10-23 10:27:26,118 | osnma.receiver.receiver             | INFO     | No OSNMA data.
2023-10-23 10:27:26,120 | osnma.receiver.receiver             | INFO     | --- SUBFRAME --- WN 1240 TOW 218040 SVID 24 ---
2023-10-23 10:27:26,121 | osnma.receiver.receiver             | WARNING  | Broken HKROOT Subframe. Regenerating HKROOT and processing MACK if active.
2023-10-23 10:27:26,141 | osnma.receiver.receiver             | INFO     | --- SUBFRAME --- WN 1240 TOW 218070 SVID 31 ---
2023-10-23 10:27:26,142 | osnma.receiver.receiver             | INFO     | No OSNMA data.
2023-10-23 10:27:26,143 | osnma.receiver.receiver             | INFO     | --- SUBFRAME --- WN 1240 TOW 218070 SVID 24 ---
2023-10-23 10:27:26,145 | osnma.receiver.receiver             | WARNING  | Broken HKROOT Subframe. Regenerating HKROOT and processing MACK if active.
2023-10-23 10:27:26,149 | osnma.receiver.receiver             | INFO     | --- SUBFRAME --- WN 1240 TOW 218070 SVID 12 ---
2023-10-23 10:27:26,150 | osnma.receiver.receiver             | WARNING  | Broken HKROOT Subframe. Regenerating HKROOT and processing MACK if active.
2023-10-23 10:27:26,163 | osnma.receiver.receiver             | INFO     | --- SUBFRAME --- WN 1240 TOW 218100 SVID 31 ---
2023-10-23 10:27:26,164 | osnma.receiver.receiver             | INFO     | No OSNMA data.
2023-10-23 10:27:26,166 | osnma.receiver.receiver             | INFO     | --- SUBFRAME --- WN 1240 TOW 218100 SVID 24 ---
2023-10-23 10:27:26,167 | osnma.receiver.receiver             | WARNING  | Broken HKROOT Subframe. Regenerating HKROOT and processing MACK if active.
2023-10-23 10:27:26,180 | osnma.receiver.receiver             | INFO     | --- SUBFRAME --- WN 1240 TOW 218130 SVID 24 ---
2023-10-23 10:27:26,182 | osnma.receiver.receiver             | WARNING  | Broken HKROOT Subframe. Regenerating HKROOT and processing MACK if active.
2023-10-23 10:27:26,184 | osnma.receiver.receiver             | INFO     | --- SUBFRAME --- WN 1240 TOW 218130 SVID 31 ---
2023-10-23 10:27:26,184 | osnma.receiver.receiver             | INFO     | No OSNMA data.
2023-10-23 10:27:26,195 | osnma.receiver.receiver             | INFO     | --- SUBFRAME --- WN 1240 TOW 218160 SVID 24 ---
2023-10-23 10:27:26,197 | osnma.receiver.receiver             | WARNING  | Broken HKROOT Subframe. Regenerating HKROOT and processing MACK if active.
2023-10-23 10:27:26,199 | osnma.receiver.receiver             | INFO     | --- SUBFRAME --- WN 1240 TOW 218160 SVID 31 ---
2023-10-23 10:27:26,200 | osnma.receiver.receiver             | INFO     | No OSNMA data.
2023-10-23 10:27:26,206 | osnma.receiver.receiver             | INFO     | --- SUBFRAME --- WN 1240 TOW 218190 SVID 24 ---
2023-10-23 10:27:26,207 | osnma.receiver.receiver             | WARNING  | Broken HKROOT Subframe. Regenerating HKROOT and processing MACK if active.
2023-10-23 10:27:26,208 | osnma.receiver.receiver             | INFO     | --- SUBFRAME --- WN 1240 TOW 218190 SVID 31 ---
2023-10-23 10:27:26,208 | osnma.receiver.receiver             | INFO     | No OSNMA data.
2023-10-23 10:27:26,225 | osnma.receiver.receiver             | INFO     | --- SUBFRAME --- WN 1240 TOW 218220 SVID 24 ---
2023-10-23 10:27:26,226 | osnma.receiver.receiver             | WARNING  | Broken HKROOT Subframe. Regenerating HKROOT and processing MACK if active.
2023-10-23 10:27:26,240 | osnma.receiver.receiver             | INFO     | --- SUBFRAME --- WN 1240 TOW 218250 SVID 24 ---
2023-10-23 10:27:26,241 | osnma.receiver.receiver             | WARNING  | Broken HKROOT Subframe. Regenerating HKROOT and processing MACK if active.
2023-10-23 10:27:26,242 | osnma.receiver.receiver             | INFO     | --- SUBFRAME --- WN 1240 TOW 218250 SVID 31 ---
2023-10-23 10:27:26,242 | osnma.receiver.receiver             | WARNING  | Broken HKROOT Subframe. Regenerating HKROOT and processing MACK if active.
